<?xml version="1.0" encoding="UTF-8" ?>
<testsuite tests="37" failures="0" name="com.hpe.automatization.test.testsuite.TestSuiteDataloadGen" time="6.786" errors="0" skipped="0">
  <properties>
[...]
</properties>
  <testcase classname="com.hpe.automatization.test.GenDataload_xmlPathInput" name="testEmptyInputArgs" time="0.41"/>
  <testcase classname="com.hpe.automatization.test.GenDataload_xmlPathInput" name="testIntegrationDataload_GUIOutput" time="3.093"/>
  <testcase classname="com.hpe.automatization.test.GenDataload_xmlPathInput" name="testWrongInput_specialCharacterContained" time="0.02"/>
  <testcase classname="com.hpe.automatization.test.GenDataload_xmlPathInput" name="testIntegrationDataload" time="1.628"/>
  <testcase classname="com.hpe.automatization.test.GenDataload_xmlPathInput" name="testWrongDataloadVersionValueInput" time="0.001"/>
  <testcase classname="com.hpe.automatization.test.GenDataload_xmlPathInput" name="testNotPresentFile" time="0.002"/>
  <testcase classname="com.hpe.automatization.test.GenDataload_xmlPathInput" name="testNullDataloadVersionAsInput" time="0.002"/>
  <testcase classname="com.hpe.automatization.test.GenDataload_xmlPathInput" name="testWrongFilePathName_regexConditionNotMatched" time="0.056"/>
  <testcase classname="com.hpe.automatization.test.GenDataload_xmlPathInput" name="testEqualsAndHashCodeOnIndexObject_False" time="0.002"/>
  <testcase classname="com.hpe.automatization.test.GenDataload_xmlPathInput" name="checkFileNameFormatIntegrity_spaceCharCase" time="0"/>
  <testcase classname="com.hpe.automatization.test.GenDataload_xmlPathInput" name="testIntegrationWRONGDataload" time="0.406"/>
  <testcase classname="com.hpe.automatization.test.GenDataload_xmlPathInput" name="testZeroValueDataloadVersionInput" time="0.001"/>
  <testcase classname="com.hpe.automatization.test.GenDataload_xmlPathInput" name="testGetDataSetTypeOutputObject" time="0.31"/>
  <testcase classname="com.hpe.automatization.test.GenDataload_xmlPathInput" name="testEqualsAndHashCodeOnIndexObject" time="0.001"/>
  <testcase classname="com.hpe.automatization.test.GenDataload_xmlPathInput" name="testNullInputArgs" time="0.015"/>
  <testcase classname="com.hpe.automatization.test.GenDataload_xmlPathInput" name="testGetDataSetTypeWrongXmlFileContent" time="0.072"/>
  <testcase classname="com.hpe.automatization.test.GenDataload_xmlPathInput" name="testVersionDataLoad_8_0" time="0.138"/>
  <testcase classname="com.hpe.automatization.test.GenDataload_xmlPathInput" name="testVersionDataLoad_8_1" time="0"/>
  <testcase classname="com.hpe.automatization.test.GenDataload_xmlPathInput" name="testWrongArgumentExceptionGetDataSetTypeObject" time="0.005"/>
  <testcase classname="com.hpe.automatization.test.GenDataload_xmlPathInput" name="testIntegrationDataload_int" time="0.301"/>
  <testcase classname="com.hpe.automatization.test.GenDataload_intExternal" name="testIntegrationExtSystem_dataloadSolutionNULL" time="0.036"/>
  <testcase classname="com.hpe.automatization.test.GenDataload_intExternal" name="testIntegrationExtSystem_nullIntermediateFile" time="0"/>
  <testcase classname="com.hpe.automatization.test.GenDataload_intExternal" name="testIntegrationExtSystem_blockSectionWithMoreThanOneEXITBlock" time="0.014"/>
  <testcase classname="com.hpe.automatization.test.GenDataload_intExternal" name="testIntegrationExtSystem_emptyIntermediateFile" time="0.001"/>
  <testcase classname="com.hpe.automatization.test.GenDataload_intExternal" name="testIntegrationExtSystem_blockSection_noSenseBlocks" time="0.039"/>
  <testcase classname="com.hpe.automatization.test.GenDataload_intExternal" name="testIntegrationExtSystem_nullDataloadVersion" time="0.001"/>
  <testcase classname="com.hpe.automatization.test.GenDataload_intExternal" name="testIntegrationExtSystem_wrongPathOutput" time="0.001"/>
  <testcase classname="com.hpe.automatization.test.GenDataload_intExternal" name="testIntegrationExtSystem_wrongFormatDataloadVersion" time="0.002"/>
  <testcase classname="com.hpe.automatization.test.GenDataload_intExternal" name="testIntegrationExtSystem_patternOutputEmpty" time="0.012"/>
  <testcase classname="com.hpe.automatization.test.GenDataload_intExternal" name="testIntegrationExtSystem_wrongTedVersion" time="0.029"/>
  <testcase classname="com.hpe.automatization.test.GenDataload_intExternal" name="testIntegrationExtSystem_nullOutputPath" time="0.002"/>
  <testcase classname="com.hpe.automatization.test.GenDataload_intExternal" name="testIntegrationExtSystem_patternOutputMissing" time="0.012"/>
  <testcase classname="com.hpe.automatization.test.GenDataload_intExternal" name="testIntegrationExtSystem_blockSectionEmpty" time="0.046"/>
  <testcase classname="com.hpe.automatization.test.GenDataload_intExternal" name="testIntegrationExtSystem_ZeroDataloadVersion" time="0.002"/>
  <testcase classname="com.hpe.automatization.test.GenDataload_intExternal" name="testIntegrationExtSystem" time="0.097"/>
  <testcase classname="com.hpe.automatization.test.GenDataload_intExternal" name="testIntegrationExtSystem_ExitBlockConfiguredNOTAsLAST" time="0.002"/>
  <testcase classname="com.hpe.automatization.test.GenDataload_intExternal" name="testIntegrationExtSystem_missingTag" time="0.027"/>
</testsuite>